SF:lib/src/api_client.dart
DA:14,1
DA:23,1
DA:36,1
DA:45,1
DA:46,1
DA:47,1
DA:48,1
DA:49,1
DA:51,1
DA:52,1
DA:53,3
DA:54,1
DA:64,1
DA:70,1
DA:80,1
DA:87,1
DA:98,1
DA:105,1
DA:116,1
DA:122,1
DA:132,1
DA:139,1
DA:149,1
DA:157,1
DA:159,1
DA:160,1
DA:161,1
DA:162,1
DA:163,1
DA:167,2
DA:168,3
DA:169,1
DA:170,4
DA:173,2
DA:175,2
DA:176,1
DA:177,3
DA:178,2
DA:179,1
DA:180,1
DA:184,1
DA:187,1
LF:42
LH:42
end_of_record
SF:lib/src/api_exception.dart
DA:6,2
DA:25,1
DA:27,5
LF:3
LH:3
end_of_record
SF:lib/src/live_connection.dart
DA:11,1
DA:26,1
DA:27,1
DA:44,5
DA:45,2
DA:46,2
DA:50,1
DA:51,3
DA:55,1
DA:56,2
LF:10
LH:10
end_of_record
